=== Daily update started: Mon Apr 20 05:24:49 CDT 2026 ===
--- mlb-newspaper/update.py ---

Fetching 2026-04-19...
  San Francisco Giants @ Washington Nationals ... ok
  Tampa Bay Rays @ Pittsburgh Pirates ... ok
  Kansas City Royals @ New York Yankees ... ok
  Baltimore Orioles @ Cleveland Guardians ... ok
  Milwaukee Brewers @ Miami Marlins ... ok
  St. Louis Cardinals @ Houston Astros ... ok
  Cincinnati Reds @ Minnesota Twins ... ok
  New York Mets @ Chicago Cubs ... ok
  Los Angeles Dodgers @ Colorado Rockies ... ok
  Chicago White Sox @ Athletics ... ok
  San Diego Padres @ Los Angeles Angels ... ok
  Texas Rangers @ Seattle Mariners ... ok
  Toronto Blue Jays @ Arizona Diamondbacks ... ok
  Detroit Tigers @ Boston Red Sox ... ok
  Atlanta Braves @ Philadelphia Phillies ... ok
  Fetching standings for 2026-04-19... ok
  Fetching leaders for 2026-04-19... ok
  15 games fetched.

Refreshing probables 2026-04-20 → 2026-04-27... ok
  Cache saved (2018 KB)

Generating HTML...
Done -> index.html (1984 KB)

Usage:
  python3 update.py                   # yesterday
  python3 update.py 2026-03-24        # specific date
  python3 update.py --schedule 2026   # load full season schedule
  python3 update.py --clear-year 2025 # remove a year from cache
  python3 update.py --rebuild         # regenerate HTML from cache
--- mlb-newspaper/update_nyt.py ---
Generating nyt.html...
Done -> nyt.html (1983 KB)
--- nba-importance/update.py ---

🏀 NBA Tracker
========================================
📡 Fetching game results from NBA API...
   Regular Season: 1230 games
   PlayIn: 6 games
   Playoffs: 8 games
   ✅ 1239 completed games found.
🧮 Calculating SRS...
   ✅ SRS calculated.
📡 Fetching current standings...
   ✅ Standings fetched for 30 teams.
🔍 Detecting season mode...
   ✅ Mode: PLAYOFFS (completed games found)
📡 Fetching play-in data...
   ✅ 6 play-in games found.
📡 Fetching playoff series data...
   ✅ 9 playoff series found (via schedule).
🎲 Running Monte Carlo (10,000 simulations)...
   ✅ Done. Top 3: [('OKC', 0.3599), ('SAS', 0.2495), ('BOS', 0.1788)]
🎨 Building playoff HTML...
   ✅ playoff.html updated.

========================================
✅ Done! Open playoff.html in your browser.
   index.html now redirects to playoff.html.
--- git ---
fatal: Unable to read current working directory: Operation not permitted
fatal: Unable to read current working directory: Operation not permitted
fatal: Unable to read current working directory: Operation not permitted
fatal: Unable to read current working directory: Operation not permitted
Pushed to GitHub.
=== Done: Mon Apr 20 05:25:28 CDT 2026 ===
=== Daily update started: Mon Apr 20 05:29:38 CDT 2026 ===
--- mlb-newspaper/update.py ---

Fetching 2026-04-19...
  San Francisco Giants @ Washington Nationals ... ok
  Tampa Bay Rays @ Pittsburgh Pirates ... ok
  Kansas City Royals @ New York Yankees ... ok
  Baltimore Orioles @ Cleveland Guardians ... ok
  Milwaukee Brewers @ Miami Marlins ... ok
  St. Louis Cardinals @ Houston Astros ... ok
  Cincinnati Reds @ Minnesota Twins ... ok
  New York Mets @ Chicago Cubs ... ok
  Los Angeles Dodgers @ Colorado Rockies ... ok
  Chicago White Sox @ Athletics ... ok
  San Diego Padres @ Los Angeles Angels ... ok
  Texas Rangers @ Seattle Mariners ... ok
  Toronto Blue Jays @ Arizona Diamondbacks ... ok
  Detroit Tigers @ Boston Red Sox ... ok
  Atlanta Braves @ Philadelphia Phillies ... ok
  Fetching standings for 2026-04-19... ok
  Fetching leaders for 2026-04-19... ok
  15 games fetched.

Refreshing probables 2026-04-20 → 2026-04-27... ok
  Cache saved (2018 KB)

Generating HTML...
Done -> index.html (1984 KB)

Usage:
  python3 update.py                   # yesterday
  python3 update.py 2026-03-24        # specific date
  python3 update.py --schedule 2026   # load full season schedule
  python3 update.py --clear-year 2025 # remove a year from cache
  python3 update.py --rebuild         # regenerate HTML from cache
--- mlb-newspaper/update_nyt.py ---
Generating nyt.html...
Done -> nyt.html (1983 KB)
--- nba-importance/update.py ---

🏀 NBA Tracker
========================================
📡 Fetching game results from NBA API...
   Regular Season: 1230 games
   PlayIn: 6 games
   Playoffs: 8 games
   ✅ 1239 completed games found.
🧮 Calculating SRS...
   ✅ SRS calculated.
📡 Fetching current standings...
   ✅ Standings fetched for 30 teams.
🔍 Detecting season mode...
   ✅ Mode: PLAYOFFS (completed games found)
📡 Fetching play-in data...
   ✅ 6 play-in games found.
📡 Fetching playoff series data...
   ✅ 9 playoff series found (via schedule).
🎲 Running Monte Carlo (10,000 simulations)...
   ✅ Done. Top 3: [('OKC', 0.3599), ('SAS', 0.2495), ('BOS', 0.1788)]
🎨 Building playoff HTML...
   ✅ playoff.html updated.

========================================
✅ Done! Open playoff.html in your browser.
   index.html now redirects to playoff.html.
--- git ---
fatal: Unable to read current working directory: Operation not permitted
fatal: Unable to read current working directory: Operation not permitted
fatal: Unable to read current working directory: Operation not permitted
fatal: Unable to read current working directory: Operation not permitted
Pushed to GitHub.
=== Done: Mon Apr 20 05:30:03 CDT 2026 ===
=== Daily update started: Mon Apr 20 05:32:45 CDT 2026 ===
--- mlb-newspaper/update.py ---

Fetching 2026-04-19...
  San Francisco Giants @ Washington Nationals ... ok
  Tampa Bay Rays @ Pittsburgh Pirates ... ok
  Kansas City Royals @ New York Yankees ... ok
  Baltimore Orioles @ Cleveland Guardians ... ok
  Milwaukee Brewers @ Miami Marlins ... ok
  St. Louis Cardinals @ Houston Astros ... ok
  Cincinnati Reds @ Minnesota Twins ... ok
  New York Mets @ Chicago Cubs ... ok
  Los Angeles Dodgers @ Colorado Rockies ... ok
  Chicago White Sox @ Athletics ... ok
  San Diego Padres @ Los Angeles Angels ... ok
  Texas Rangers @ Seattle Mariners ... ok
  Toronto Blue Jays @ Arizona Diamondbacks ... ok
  Detroit Tigers @ Boston Red Sox ... ok
  Atlanta Braves @ Philadelphia Phillies ... ok
  Fetching standings for 2026-04-19... ok
  Fetching leaders for 2026-04-19... ok
  15 games fetched.

Refreshing probables 2026-04-20 → 2026-04-27... ok
  Cache saved (2018 KB)

Generating HTML...
Done -> index.html (1984 KB)

Usage:
  python3 update.py                   # yesterday
  python3 update.py 2026-03-24        # specific date
  python3 update.py --schedule 2026   # load full season schedule
  python3 update.py --clear-year 2025 # remove a year from cache
  python3 update.py --rebuild         # regenerate HTML from cache
--- mlb-newspaper/update_nyt.py ---
Generating nyt.html...
Done -> nyt.html (1983 KB)
--- nba-importance/update.py ---

🏀 NBA Tracker
========================================
📡 Fetching game results from NBA API...
   Regular Season: 1230 games
   PlayIn: 6 games
   Playoffs: 8 games
   ✅ 1239 completed games found.
🧮 Calculating SRS...
   ✅ SRS calculated.
📡 Fetching current standings...
   ✅ Standings fetched for 30 teams.
🔍 Detecting season mode...
   ✅ Mode: PLAYOFFS (completed games found)
📡 Fetching play-in data...
   ✅ 6 play-in games found.
📡 Fetching playoff series data...
   ✅ 9 playoff series found (via schedule).
🎲 Running Monte Carlo (10,000 simulations)...
   ✅ Done. Top 3: [('OKC', 0.3599), ('SAS', 0.2495), ('BOS', 0.1788)]
🎨 Building playoff HTML...
   ✅ playoff.html updated.

========================================
✅ Done! Open playoff.html in your browser.
   index.html now redirects to playoff.html.
--- git ---
fatal: Unable to read current working directory: Operation not permitted
fatal: Unable to read current working directory: Operation not permitted
fatal: Unable to read current working directory: Operation not permitted
fatal: Unable to read current working directory: Operation not permitted
Pushed to GitHub.
=== Done: Mon Apr 20 05:33:10 CDT 2026 ===
=== Daily update started: Mon Apr 20 05:34:41 CDT 2026 ===
--- mlb-newspaper/update.py ---

Fetching 2026-04-19...
  San Francisco Giants @ Washington Nationals ... ok
  Tampa Bay Rays @ Pittsburgh Pirates ... ok
  Kansas City Royals @ New York Yankees ... ok
  Baltimore Orioles @ Cleveland Guardians ... ok
  Milwaukee Brewers @ Miami Marlins ... ok
  St. Louis Cardinals @ Houston Astros ... ok
  Cincinnati Reds @ Minnesota Twins ... ok
  New York Mets @ Chicago Cubs ... ok
  Los Angeles Dodgers @ Colorado Rockies ... ok
  Chicago White Sox @ Athletics ... ok
  San Diego Padres @ Los Angeles Angels ... ok
  Texas Rangers @ Seattle Mariners ... ok
  Toronto Blue Jays @ Arizona Diamondbacks ... ok
  Detroit Tigers @ Boston Red Sox ... ok
  Atlanta Braves @ Philadelphia Phillies ... ok
  Fetching standings for 2026-04-19... ok
  Fetching leaders for 2026-04-19... ok
  15 games fetched.

Refreshing probables 2026-04-20 → 2026-04-27... ok
  Cache saved (2018 KB)

Generating HTML...
Done -> index.html (1984 KB)

Usage:
  python3 update.py                   # yesterday
  python3 update.py 2026-03-24        # specific date
  python3 update.py --schedule 2026   # load full season schedule
  python3 update.py --clear-year 2025 # remove a year from cache
  python3 update.py --rebuild         # regenerate HTML from cache
--- mlb-newspaper/update_nyt.py ---
Generating nyt.html...
Done -> nyt.html (1983 KB)
--- nba-importance/update.py ---

🏀 NBA Tracker
========================================
📡 Fetching game results from NBA API...
   Regular Season: 1230 games
   PlayIn: 6 games
   Playoffs: 8 games
   ✅ 1239 completed games found.
🧮 Calculating SRS...
   ✅ SRS calculated.
📡 Fetching current standings...
   ✅ Standings fetched for 30 teams.
🔍 Detecting season mode...
   ✅ Mode: PLAYOFFS (completed games found)
📡 Fetching play-in data...
   ✅ 6 play-in games found.
📡 Fetching playoff series data...
   ✅ 9 playoff series found (via schedule).
🎲 Running Monte Carlo (10,000 simulations)...
   ✅ Done. Top 3: [('OKC', 0.3599), ('SAS', 0.2495), ('BOS', 0.1788)]
🎨 Building playoff HTML...
   ✅ playoff.html updated.

========================================
✅ Done! Open playoff.html in your browser.
   index.html now redirects to playoff.html.
--- git ---
fatal: Unable to read current working directory: Operation not permitted
fatal: Unable to read current working directory: Operation not permitted
fatal: Unable to read current working directory: Operation not permitted
fatal: Unable to read current working directory: Operation not permitted
Pushed to GitHub.
=== Done: Mon Apr 20 05:35:05 CDT 2026 ===
=== Daily update started: Mon Apr 20 05:36:15 CDT 2026 ===
--- mlb-newspaper/update.py ---

Fetching 2026-04-19...
  San Francisco Giants @ Washington Nationals ... ok
  Tampa Bay Rays @ Pittsburgh Pirates ... ok
  Kansas City Royals @ New York Yankees ... ok
  Baltimore Orioles @ Cleveland Guardians ... ok
  Milwaukee Brewers @ Miami Marlins ... ok
  St. Louis Cardinals @ Houston Astros ... ok
  Cincinnati Reds @ Minnesota Twins ... ok
  New York Mets @ Chicago Cubs ... ok
  Los Angeles Dodgers @ Colorado Rockies ... ok
  Chicago White Sox @ Athletics ... ok
  San Diego Padres @ Los Angeles Angels ... ok
  Texas Rangers @ Seattle Mariners ... ok
  Toronto Blue Jays @ Arizona Diamondbacks ... ok
  Detroit Tigers @ Boston Red Sox ... ok
  Atlanta Braves @ Philadelphia Phillies ... ok
  Fetching standings for 2026-04-19... ok
  Fetching leaders for 2026-04-19... ok
  15 games fetched.

Refreshing probables 2026-04-20 → 2026-04-27... ok
  Cache saved (2018 KB)

Generating HTML...
Done -> index.html (1984 KB)

Usage:
  python3 update.py                   # yesterday
  python3 update.py 2026-03-24        # specific date
  python3 update.py --schedule 2026   # load full season schedule
  python3 update.py --clear-year 2025 # remove a year from cache
  python3 update.py --rebuild         # regenerate HTML from cache
--- mlb-newspaper/update_nyt.py ---
Generating nyt.html...
Done -> nyt.html (1983 KB)
--- nba-importance/update.py ---

🏀 NBA Tracker
========================================
📡 Fetching game results from NBA API...
   Regular Season: 1230 games
   PlayIn: 6 games
   Playoffs: 8 games
   ✅ 1239 completed games found.
🧮 Calculating SRS...
   ✅ SRS calculated.
📡 Fetching current standings...
   ✅ Standings fetched for 30 teams.
🔍 Detecting season mode...
   ✅ Mode: PLAYOFFS (completed games found)
📡 Fetching play-in data...
   ✅ 6 play-in games found.
📡 Fetching playoff series data...
   ✅ 9 playoff series found (via schedule).
🎲 Running Monte Carlo (10,000 simulations)...
   ✅ Done. Top 3: [('OKC', 0.3599), ('SAS', 0.2495), ('BOS', 0.1788)]
🎨 Building playoff HTML...
   ✅ playoff.html updated.

========================================
✅ Done! Open playoff.html in your browser.
   index.html now redirects to playoff.html.
--- git ---
fatal: Unable to read current working directory: Operation not permitted
fatal: Unable to read current working directory: Operation not permitted
fatal: Unable to read current working directory: Operation not permitted
fatal: Unable to read current working directory: Operation not permitted
Pushed to GitHub.
=== Done: Mon Apr 20 05:36:40 CDT 2026 ===
=== Daily update started: Mon Apr 20 05:37:09 CDT 2026 ===
--- mlb-newspaper/update.py ---

Fetching 2026-04-19...
  San Francisco Giants @ Washington Nationals ... ok
  Tampa Bay Rays @ Pittsburgh Pirates ... ok
  Kansas City Royals @ New York Yankees ... ok
  Baltimore Orioles @ Cleveland Guardians ... ok
  Milwaukee Brewers @ Miami Marlins ... ok
  St. Louis Cardinals @ Houston Astros ... ok
  Cincinnati Reds @ Minnesota Twins ... ok
  New York Mets @ Chicago Cubs ... ok
  Los Angeles Dodgers @ Colorado Rockies ... ok
  Chicago White Sox @ Athletics ... ok
  San Diego Padres @ Los Angeles Angels ... ok
  Texas Rangers @ Seattle Mariners ... ok
  Toronto Blue Jays @ Arizona Diamondbacks ... ok
  Detroit Tigers @ Boston Red Sox ... ok
  Atlanta Braves @ Philadelphia Phillies ... ok
  Fetching standings for 2026-04-19... ok
  Fetching leaders for 2026-04-19... ok
  15 games fetched.

Refreshing probables 2026-04-20 → 2026-04-27... ok
  Cache saved (2018 KB)

Generating HTML...
Done -> index.html (1984 KB)

Usage:
  python3 update.py                   # yesterday
  python3 update.py 2026-03-24        # specific date
  python3 update.py --schedule 2026   # load full season schedule
  python3 update.py --clear-year 2025 # remove a year from cache
  python3 update.py --rebuild         # regenerate HTML from cache
--- mlb-newspaper/update_nyt.py ---
Generating nyt.html...
Done -> nyt.html (1983 KB)
--- nba-importance/update.py ---

🏀 NBA Tracker
========================================
📡 Fetching game results from NBA API...
   Regular Season: 1230 games
   PlayIn: 6 games
   Playoffs: 8 games
   ✅ 1239 completed games found.
🧮 Calculating SRS...
   ✅ SRS calculated.
📡 Fetching current standings...
   ✅ Standings fetched for 30 teams.
🔍 Detecting season mode...
   ✅ Mode: PLAYOFFS (completed games found)
📡 Fetching play-in data...
   ✅ 6 play-in games found.
📡 Fetching playoff series data...
   ✅ 9 playoff series found (via schedule).
🎲 Running Monte Carlo (10,000 simulations)...
   ✅ Done. Top 3: [('OKC', 0.3599), ('SAS', 0.2495), ('BOS', 0.1788)]
🎨 Building playoff HTML...
   ✅ playoff.html updated.

========================================
✅ Done! Open playoff.html in your browser.
   index.html now redirects to playoff.html.
--- git ---
fatal: Unable to read current working directory: Operation not permitted
fatal: Unable to read current working directory: Operation not permitted
fatal: Unable to read current working directory: Operation not permitted
fatal: Unable to read current working directory: Operation not permitted
Pushed to GitHub.
=== Done: Mon Apr 20 05:37:33 CDT 2026 ===
