=== Daily update started: Tue Apr 21 04:01:52 CDT 2026 ===
--- mlb-newspaper/update.py ---

Fetching 2026-04-20...
  Detroit Tigers @ Boston Red Sox ... ok
  Houston Astros @ Cleveland Guardians ... ok
  Cincinnati Reds @ Tampa Bay Rays ... ok
  St. Louis Cardinals @ Miami Marlins ... ok
  Atlanta Braves @ Washington Nationals ... ok
  Baltimore Orioles @ Kansas City Royals ... ok
  Philadelphia Phillies @ Chicago Cubs ... ok
  Los Angeles Dodgers @ Colorado Rockies ... ok
  Toronto Blue Jays @ Los Angeles Angels ... ok
  Athletics @ Seattle Mariners ... ok
  Fetching standings for 2026-04-20... ok
  Fetching leaders for 2026-04-20... ok
  10 games fetched.

Refreshing probables 2026-04-21 → 2026-04-28... ok
  Cache saved (2071 KB)

Generating HTML...
Done -> index.html (2034 KB)

Usage:
  python3 update.py                   # yesterday
  python3 update.py 2026-03-24        # specific date
  python3 update.py --schedule 2026   # load full season schedule
  python3 update.py --clear-year 2025 # remove a year from cache
  python3 update.py --rebuild         # regenerate HTML from cache
--- mlb-newspaper/update_nyt.py ---
Generating nyt.html...
Done -> nyt.html (2034 KB)
--- nba-importance/update.py ---

🏀 NBA Tracker
========================================
📡 Fetching game results from NBA API...
   Regular Season: 1230 games
   PlayIn: 6 games
   Playoffs: 11 games
   ✅ 1242 completed games found.
🧮 Calculating SRS...
   ✅ SRS calculated.
📡 Fetching current standings...
   ✅ Standings fetched for 30 teams.
🔍 Detecting season mode...
   ✅ Mode: PLAYOFFS (completed games found)
📡 Fetching play-in data...
   ✅ 6 play-in games found.
📡 Fetching playoff series data...
   ✅ 9 playoff series found (via schedule).
🎲 Running Monte Carlo (10,000 simulations)...
   ✅ Done. Top 3: [('OKC', 0.3679), ('SAS', 0.2521), ('BOS', 0.1784)]
🎨 Building playoff HTML...
   ✅ playoff.html updated.

========================================
✅ Done! Open playoff.html in your browser.
   index.html now redirects to playoff.html.
--- git ---
fatal: Unable to read current working directory: Operation not permitted
fatal: Unable to read current working directory: Operation not permitted
fatal: Unable to read current working directory: Operation not permitted
fatal: Unable to read current working directory: Operation not permitted
Pushed to GitHub.
=== Done: Tue Apr 21 04:16:39 CDT 2026 ===
