=== Daily update started: Wed Apr 22 04:04:13 CDT 2026 ===
--- mlb-newspaper/update.py ---

Fetching 2026-04-21...
  Houston Astros @ Cleveland Guardians ... ok
  Cincinnati Reds @ Tampa Bay Rays ... ok
  St. Louis Cardinals @ Miami Marlins ... ok
  Milwaukee Brewers @ Detroit Tigers ... ok
  Atlanta Braves @ Washington Nationals ... ok
  New York Yankees @ Boston Red Sox ... ok
  Minnesota Twins @ New York Mets ... ok
  Baltimore Orioles @ Kansas City Royals ... ok
  Philadelphia Phillies @ Chicago Cubs ... ok
  Pittsburgh Pirates @ Texas Rangers ... ok
  San Diego Padres @ Colorado Rockies ... ok
  Toronto Blue Jays @ Los Angeles Angels ... ERROR: HTTPSConnectionPool(host='statsapi.mlb.com', port=443): Read timed out.
  Athletics @ Seattle Mariners ... ok
  Chicago White Sox @ Arizona Diamondbacks ... ok
  Los Angeles Dodgers @ San Francisco Giants ... ok
  Fetching standings for 2026-04-21... ok
  Fetching leaders for 2026-04-21... ok
  14 games fetched.

Refreshing probables 2026-04-22 → 2026-04-29... ok
  Cache saved (2143 KB)

Generating HTML...
Done -> index.html (2103 KB)

Usage:
  python3 update.py                   # yesterday
  python3 update.py 2026-03-24        # specific date
  python3 update.py --schedule 2026   # load full season schedule
  python3 update.py --clear-year 2025 # remove a year from cache
  python3 update.py --rebuild         # regenerate HTML from cache
--- mlb-newspaper/update_nyt.py ---
Generating nyt.html...
Done -> nyt.html (2102 KB)
--- nba-importance/update.py ---

🏀 NBA Tracker
========================================
📡 Fetching game results from NBA API...
   Regular Season: 1230 games
   PlayIn: 6 games
   Playoffs: 14 games
   ✅ 1245 completed games found.
🧮 Calculating SRS...
   ✅ SRS calculated.
📡 Fetching current standings...
   ✅ Standings fetched for 30 teams.
🔍 Detecting season mode...
   ✅ Mode: PLAYOFFS (completed games found)
📡 Fetching play-in data...
   ✅ 6 play-in games found.
📡 Fetching playoff series data...
   ✅ 9 playoff series found (via schedule).
🎲 Running Monte Carlo (10,000 simulations)...
   ✅ Done. Top 3: [('OKC', 0.4007), ('SAS', 0.2217), ('BOS', 0.143)]
🎨 Building playoff HTML...
   ✅ playoff.html updated.

========================================
✅ Done! Open playoff.html in your browser.
   index.html now redirects to playoff.html.
--- git ---
fatal: Unable to read current working directory: Operation not permitted
fatal: Unable to read current working directory: Operation not permitted
fatal: Unable to read current working directory: Operation not permitted
fatal: Unable to read current working directory: Operation not permitted
Pushed to GitHub.
=== Done: Wed Apr 22 04:28:31 CDT 2026 ===
